<?xml version="1.0" encoding="UTF-8"?>
<!-- Generated by org.testng.reporters.JUnitXMLReporter -->
<testsuite hostname="WIN-3QS5O4QR69E" name="CategoriaWebDriverTestChrome" tests="6" failures="1" timestamp="6 Mar 2017 03:44:04 GMT" time="71.361" errors="0">
  <testcase name="insertarCategoria" time="16.32" classname="pe.com.test.seleniumwd.CategoriaWebDriverTest">
    <failure type="java.lang.AssertionError" message="expected [Se guardó de manera correcta la Categoría] but found [Mensaje incorrecto]">
      <![CDATA[java.lang.AssertionError: expected [Se guardó de manera correcta la Categoría] but found [Mensaje incorrecto]
	at pe.com.test.seleniumwd.CategoriaWebDriverTest.insertarCategoria(CategoriaWebDriverTest.java:57)
	at java.util.concurrent.FutureTask.run(Unknown Source)
	at java.util.concurrent.ThreadPoolExecutor.runWorker(Unknown Source)
	at java.util.concurrent.ThreadPoolExecutor$Worker.run(Unknown Source)
	at java.lang.Thread.run(Unknown Source)
... Removed 17 stack frames]]>
    </failure>
  </testcase> <!-- insertarCategoria -->
  <testcase name="insertarCategoria" time="10.234" classname="pe.com.test.seleniumwd.CategoriaWebDriverTest"/>
  <testcase name="insertarCategoria" time="9.667" classname="pe.com.test.seleniumwd.CategoriaWebDriverTest"/>
  <testcase name="insertarCategoria" time="9.841" classname="pe.com.test.seleniumwd.CategoriaWebDriverTest"/>
  <testcase name="insertarCategoria" time="10.02" classname="pe.com.test.seleniumwd.CategoriaWebDriverTest"/>
  <testcase name="insertarCategoria" time="9.851" classname="pe.com.test.seleniumwd.CategoriaWebDriverTest"/>
</testsuite> <!-- CategoriaWebDriverTestChrome -->
