<?xml version="1.0" encoding="UTF-8"?>
<!-- Generated by org.testng.reporters.JUnitXMLReporter -->
<testsuite hostname="WIN-3QS5O4QR69E" name="CategoriaWebDriverTest" tests="6" failures="1" timestamp="6 Mar 2017 04:09:02 GMT" time="62.74" errors="0">
  <testcase name="insertarCategoria" time="11.821" classname="pe.com.test.seleniumwd.CategoriaWebDriverTest">
    <failure type="java.lang.AssertionError" message="expected [Se guardó de manera correcta la Categoría] but found [Mensaje incorrecto]">
      <![CDATA[java.lang.AssertionError: expected [Se guardó de manera correcta la Categoría] but found [Mensaje incorrecto]
	at pe.com.test.seleniumwd.CategoriaWebDriverTest.insertarCategoria(CategoriaWebDriverTest.java:57)
... Removed 25 stack frames]]>
    </failure>
  </testcase> <!-- insertarCategoria -->
  <testcase name="insertarCategoria" time="9.396" classname="pe.com.test.seleniumwd.CategoriaWebDriverTest"/>
  <testcase name="insertarCategoria" time="9.327" classname="pe.com.test.seleniumwd.CategoriaWebDriverTest"/>
  <testcase name="insertarCategoria" time="9.378" classname="pe.com.test.seleniumwd.CategoriaWebDriverTest"/>
  <testcase name="insertarCategoria" time="9.517" classname="pe.com.test.seleniumwd.CategoriaWebDriverTest"/>
  <testcase name="insertarCategoria" time="9.227" classname="pe.com.test.seleniumwd.CategoriaWebDriverTest"/>
</testsuite> <!-- CategoriaWebDriverTest -->
