<?xml version="1.0" encoding="UTF-8"?>
<testng-results skipped="0" failed="1" total="6" passed="5">
  <reporter-output>
  </reporter-output>
  <suite name="CategoriaSuite" duration-ms="62740" started-at="2017-03-06T04:08:00Z" finished-at="2017-03-06T04:09:02Z">
    <groups>
    </groups>
    <test name="CategoriaWebDriverTest" duration-ms="62740" started-at="2017-03-06T04:08:00Z" finished-at="2017-03-06T04:09:02Z">
      <class name="pe.com.test.seleniumwd.CategoriaWebDriverTest">
        <test-method status="PASS" signature="inicioClase(java.lang.String, int)[pri:0, instance:pe.com.test.seleniumwd.CategoriaWebDriverTest@580929]" name="inicioClase" is-config="true" duration-ms="2845" started-at="2017-03-05T23:08:00Z" finished-at="2017-03-05T23:08:02Z">
          <params>
            <param index="0">
              <value>
                <![CDATA[chrome]]>
              </value>
            </param>
            <param index="1">
              <value>
                <![CDATA[0]]>
              </value>
            </param>
          </params>
          <reporter-output>
          </reporter-output>
        </test-method> <!-- inicioClase -->
        <test-method status="FAIL" signature="insertarCategoria(java.lang.String, java.lang.String)[pri:0, instance:pe.com.test.seleniumwd.CategoriaWebDriverTest@580929]" name="insertarCategoria" duration-ms="11821" started-at="2017-03-05T23:08:03Z" data-provider="datosEntrada" finished-at="2017-03-05T23:08:15Z">
          <params>
            <param index="0">
              <value>
                <![CDATA[Lacteos]]>
              </value>
            </param>
            <param index="1">
              <value>
                <![CDATA[Mensaje incorrecto]]>
              </value>
            </param>
          </params>
          <exception class="java.lang.AssertionError">
            <message>
              <![CDATA[expected [Se guardó de manera correcta la Categoría] but found [Mensaje incorrecto]]]>
            </message>
            <full-stacktrace>
              <![CDATA[java.lang.AssertionError: expected [Se guardó de manera correcta la Categoría] but found [Mensaje incorrecto]
	at org.testng.Assert.fail(Assert.java:94)
	at pe.com.test.seleniumwd.CategoriaWebDriverTest.insertarCategoria(CategoriaWebDriverTest.java:57)
	at sun.reflect.NativeMethodAccessorImpl.invoke0(Native Method)
	at sun.reflect.NativeMethodAccessorImpl.invoke(Unknown Source)
	at sun.reflect.DelegatingMethodAccessorImpl.invoke(Unknown Source)
	at java.lang.reflect.Method.invoke(Unknown Source)
	at org.testng.internal.MethodInvocationHelper.invokeMethod(MethodInvocationHelper.java:86)
	at org.testng.internal.Invoker.invokeMethod(Invoker.java:643)
	at org.testng.internal.Invoker.invokeTestMethod(Invoker.java:820)
	at org.testng.internal.Invoker.invokeTestMethods(Invoker.java:1128)
	at org.testng.internal.TestMethodWorker.invokeTestMethods(TestMethodWorker.java:129)
	at org.testng.internal.TestMethodWorker.run(TestMethodWorker.java:112)
	at org.testng.TestRunner.privateRun(TestRunner.java:782)
	at org.testng.TestRunner.run(TestRunner.java:632)
	at org.testng.SuiteRunner.runTest(SuiteRunner.java:366)
	at org.testng.SuiteRunner.runSequentially(SuiteRunner.java:361)
	at org.testng.SuiteRunner.privateRun(SuiteRunner.java:319)
	at org.testng.SuiteRunner.run(SuiteRunner.java:268)
	at org.testng.SuiteRunnerWorker.runSuite(SuiteRunnerWorker.java:52)
	at org.testng.SuiteRunnerWorker.run(SuiteRunnerWorker.java:86)
	at org.testng.TestNG.runSuitesSequentially(TestNG.java:1244)
	at org.testng.TestNG.runSuitesLocally(TestNG.java:1169)
	at org.testng.TestNG.run(TestNG.java:1064)
	at org.testng.remote.RemoteTestNG.run(RemoteTestNG.java:113)
	at org.testng.remote.RemoteTestNG.initAndRun(RemoteTestNG.java:206)
	at org.testng.remote.RemoteTestNG.main(RemoteTestNG.java:177)
]]>
            </full-stacktrace>
          </exception> <!-- java.lang.AssertionError -->
          <reporter-output>
          </reporter-output>
        </test-method> <!-- insertarCategoria -->
        <test-method status="PASS" signature="insertarCategoria(java.lang.String, java.lang.String)[pri:0, instance:pe.com.test.seleniumwd.CategoriaWebDriverTest@580929]" name="insertarCategoria" duration-ms="9396" started-at="2017-03-05T23:08:15Z" data-provider="datosEntrada" finished-at="2017-03-05T23:08:24Z">
          <params>
            <param index="0">
              <value>
                <![CDATA[Menestras]]>
              </value>
            </param>
            <param index="1">
              <value>
                <![CDATA[Se guardó de manera correcta la Categoría]]>
              </value>
            </param>
          </params>
          <reporter-output>
          </reporter-output>
        </test-method> <!-- insertarCategoria -->
        <test-method status="PASS" signature="insertarCategoria(java.lang.String, java.lang.String)[pri:0, instance:pe.com.test.seleniumwd.CategoriaWebDriverTest@580929]" name="insertarCategoria" duration-ms="9327" started-at="2017-03-05T23:08:24Z" data-provider="datosEntrada" finished-at="2017-03-05T23:08:33Z">
          <params>
            <param index="0">
              <value>
                <![CDATA[]]>
              </value>
            </param>
            <param index="1">
              <value>
                <![CDATA[Nombre: Error de validación: se necesita un valor.]]>
              </value>
            </param>
          </params>
          <reporter-output>
          </reporter-output>
        </test-method> <!-- insertarCategoria -->
        <test-method status="PASS" signature="insertarCategoria(java.lang.String, java.lang.String)[pri:0, instance:pe.com.test.seleniumwd.CategoriaWebDriverTest@580929]" name="insertarCategoria" duration-ms="9378" started-at="2017-03-05T23:08:33Z" data-provider="datosEntrada" finished-at="2017-03-05T23:08:43Z">
          <params>
            <param index="0">
              <value>
                <![CDATA[Articulos de Limpieza]]>
              </value>
            </param>
            <param index="1">
              <value>
                <![CDATA[Se guardó de manera correcta la Categoría]]>
              </value>
            </param>
          </params>
          <reporter-output>
          </reporter-output>
        </test-method> <!-- insertarCategoria -->
        <test-method status="PASS" signature="insertarCategoria(java.lang.String, java.lang.String)[pri:0, instance:pe.com.test.seleniumwd.CategoriaWebDriverTest@580929]" name="insertarCategoria" duration-ms="9517" started-at="2017-03-05T23:08:43Z" data-provider="datosEntrada" finished-at="2017-03-05T23:08:52Z">
          <params>
            <param index="0">
              <value>
                <![CDATA[Caramelos]]>
              </value>
            </param>
            <param index="1">
              <value>
                <![CDATA[Se guardó de manera correcta la Categoría]]>
              </value>
            </param>
          </params>
          <reporter-output>
          </reporter-output>
        </test-method> <!-- insertarCategoria -->
        <test-method status="PASS" signature="insertarCategoria(java.lang.String, java.lang.String)[pri:0, instance:pe.com.test.seleniumwd.CategoriaWebDriverTest@580929]" name="insertarCategoria" duration-ms="9227" started-at="2017-03-05T23:08:52Z" data-provider="datosEntrada" finished-at="2017-03-05T23:09:01Z">
          <params>
            <param index="0">
              <value>
                <![CDATA[Gaseosas]]>
              </value>
            </param>
            <param index="1">
              <value>
                <![CDATA[Se guardó de manera correcta la Categoría]]>
              </value>
            </param>
          </params>
          <reporter-output>
          </reporter-output>
        </test-method> <!-- insertarCategoria -->
        <test-method status="PASS" signature="tearDown()[pri:0, instance:pe.com.test.seleniumwd.CategoriaWebDriverTest@580929]" name="tearDown" is-config="true" duration-ms="916" started-at="2017-03-05T23:09:01Z" finished-at="2017-03-05T23:09:02Z">
          <reporter-output>
          </reporter-output>
        </test-method> <!-- tearDown -->
      </class> <!-- pe.com.test.seleniumwd.CategoriaWebDriverTest -->
    </test> <!-- CategoriaWebDriverTest -->
  </suite> <!-- CategoriaSuite -->
</testng-results>
